2023-04-20T14:40:24.535+0800	INFO	middlewares/logger.go:31	/v1/user/list	{"statusxixixixi": 401, "method": "POST", "path": "/v1/user/list", "query": "", "ip": "::1", "user-agent": "PostmanRuntime/7.31.1", "errors": "", "cost": "129.792µs"}
2023-04-20T14:40:48.621+0800	INFO	middlewares/logger.go:31	/v1/user/list	{"statusxixixixi": 401, "method": "POST", "path": "/v1/user/list", "query": "", "ip": "::1", "user-agent": "PostmanRuntime/7.31.1", "errors": "", "cost": "79.584µs"}
2023-04-20T14:40:57.601+0800	INFO	middlewares/logger.go:31	/v1/user/list	{"statusxixixixi": 401, "method": "POST", "path": "/v1/user/list", "query": "", "ip": "::1", "user-agent": "PostmanRuntime/7.31.1", "errors": "", "cost": "68.75µs"}
2023-04-20T14:40:58.420+0800	INFO	middlewares/logger.go:31	/v1/user/list	{"statusxixixixi": 401, "method": "POST", "path": "/v1/user/list", "query": "", "ip": "::1", "user-agent": "PostmanRuntime/7.31.1", "errors": "", "cost": "58.375µs"}
2023-04-20T14:41:33.902+0800	INFO	middlewares/logger.go:31	/v1/user/list	{"statusxixixixi": 400, "method": "POST", "path": "/v1/user/list", "query": "", "ip": "::1", "user-agent": "PostmanRuntime/7.31.1", "errors": "", "cost": "476.417µs"}
2023-04-20T15:15:34.179+0800	INFO	middlewares/logger.go:31	/v1/user/list	{"statusxixixixi": 400, "method": "POST", "path": "/v1/user/list", "query": "", "ip": "::1", "user-agent": "PostmanRuntime/7.31.1", "errors": "", "cost": "265.542µs"}
2023-04-20T15:21:03.285+0800	INFO	middlewares/logger.go:31	/v1/user/list	{"statusxixixixi": 400, "method": "POST", "path": "/v1/user/list", "query": "", "ip": "::1", "user-agent": "PostmanRuntime/7.31.1", "errors": "", "cost": "187.167µs"}
2023-04-20T15:51:04.457+0800	ERROR	middlewares/logger.go:74	[Recovery from panic]	{"error": "Undefined validation function 'mobile' on field 'Mobile'", "request": "POST /v1/user/login HTTP/1.1\r\nHost: localhost:8022\r\nAccept: */*\r\nAccept-Encoding: gzip, deflate, br\r\nCache-Control: no-cache\r\nConnection: keep-alive\r\nContent-Length: 79\r\nContent-Type: application/json\r\nPostman-Token: 0f1b9e70-066e-43e4-8c7d-2278051e3027\r\nUser-Agent: PostmanRuntime/7.31.1\r\n\r\n", "stack": "goroutine 29 [running]:\nruntime/debug.Stack()\n\t/opt/homebrew/Cellar/go/1.19.5/libexec/src/runtime/debug/stack.go:24 +0x64\nsample-go-service/middlewares.GinRecovery.func1.1()\n\t/Users/wuyuanhan/development/flutter_dev/record-gateway/middlewares/logger.go:77 +0x238\npanic({0x103301fc0, 0x14000252340})\n\t/opt/homebrew/Cellar/go/1.19.5/libexec/src/runtime/panic.go:884 +0x204\ngithub.com/go-playground/validator/v10.(*Validate).parseFieldTagsRecursive(0x14000134620, {0x1032e163a?, 0x0?}, {0x1032e160e, 0x6}, {0x0, 0x0}, 0x0)\n\t/Users/wuyuanhan/go/pkg/mod/github.com/go-playground/validator/v10@v10.11.2/cache.go:294 +0x97c\ngithub.com/go-playground/validator/v10.(*Validate).extractStructCache(0x14000134620, {0x1033a2b00?, 0x1400004c0a0?, 0x102be836c?}, {0x1032d0086, 0x11})\n\t/Users/wuyuanhan/go/pkg/mod/github.com/go-playground/validator/v10@v10.11.2/cache.go:155 +0x4e0\ngithub.com/go-playground/validator/v10.(*validate).validateStruct(0x140001d8240, {0x103401030, 0x140001ae008}, {0x1033a2b00?, 0x1400004c0a0?, 0x21?}, {0x1033a2b00?, 0x1400004c0a0?, 0x1033a2b00?}, {0x103409640, ...}, ...)\n\t/Users/wuyuanhan/go/pkg/mod/github.com/go-playground/validator/v10@v10.11.2/validator.go:37 +0x130\ngithub.com/go-playground/validator/v10.(*Validate).StructCtx(0x14000134620, {0x103401030, 0x140001ae008}, {0x1033a2b00, 0x1400004c0a0})\n\t/Users/wuyuanhan/go/pkg/mod/github.com/go-playground/validator/v10@v10.11.2/validator_instance.go:385 +0x3c8\ngithub.com/go-playground/validator/v10.(*Validate).Struct(...)\n\t/Users/wuyuanhan/go/pkg/mod/github.com/go-playground/validator/v10@v10.11.2/validator_instance.go:358\ngithub.com/gin-gonic/gin/binding.(*defaultValidator).validateStruct(0x103af4000, {0x1033a2b00, 0x1400004c0a0})\n\t/Users/wuyuanhan/go/pkg/mod/github.com/gin-gonic/gin@v1.9.0/binding/default_validator.go:80 +0x50\ngithub.com/gin-gonic/gin/binding.(*defaultValidator).ValidateStruct(0x1033a2b00?, {0x1033a2b00?, 0x1400004c0a0?})\n\t/Users/wuyuanhan/go/pkg/mod/github.com/gin-gonic/gin@v1.9.0/binding/default_validator.go:59 +0x1a0\ngithub.com/gin-gonic/gin/binding.(*defaultValidator).ValidateStruct(0x1400051c3c0?, {0x1032f00a0?, 0x1400004c050?})\n\t/Users/wuyuanhan/go/pkg/mod/github.com/gin-gonic/gin@v1.9.0/binding/default_validator.go:57 +0x114\ngithub.com/gin-gonic/gin/binding.validate(...)\n\t/Users/wuyuanhan/go/pkg/mod/github.com/gin-gonic/gin@v1.9.0/binding/binding.go:121\ngithub.com/gin-gonic/gin/binding.decodeJSON({0x12b4073d8?, 0x140001ea3c0?}, {0x1032f00a0, 0x1400004c050})\n\t/Users/wuyuanhan/go/pkg/mod/github.com/gin-gonic/gin@v1.9.0/binding/json.go:55 +0xb8\ngithub.com/gin-gonic/gin/binding.jsonBinding.Bind({}, 0x103d00108?, {0x1032f00a0, 0x1400004c050})\n\t/Users/wuyuanhan/go/pkg/mod/github.com/gin-gonic/gin@v1.9.0/binding/json.go:37 +0x5c\ngithub.com/gin-gonic/gin.(*Context).ShouldBindWith(...)\n\t/Users/wuyuanhan/go/pkg/mod/github.com/gin-gonic/gin@v1.9.0/context.go:741\ngithub.com/gin-gonic/gin.(*Context).ShouldBind(0x1400054c600, {0x1032f00a0, 0x1400004c050})\n\t/Users/wuyuanhan/go/pkg/mod/github.com/gin-gonic/gin@v1.9.0/context.go:696 +0x298\nsample-go-service/controller.PasswordLogin(0x140000193e8?)\n\t/Users/wuyuanhan/development/flutter_dev/record-gateway/controller/user.go:18 +0x40\ngithub.com/gin-gonic/gin.(*Context).Next(...)\n\t/Users/wuyuanhan/go/pkg/mod/github.com/gin-gonic/gin@v1.9.0/context.go:174\nsample-go-service/middlewares.GinRecovery.func1(0x1400054c600)\n\t/Users/wuyuanhan/development/flutter_dev/record-gateway/middlewares/logger.go:88 +0x74\ngithub.com/gin-gonic/gin.(*Context).Next(...)\n\t/Users/wuyuanhan/go/pkg/mod/github.com/gin-gonic/gin@v1.9.0/context.go:174\nsample-go-service/middlewares.GinLogger.func1(0x1400054c600)\n\t/Users/wuyuanhan/development/flutter_dev/record-gateway/middlewares/logger.go:25 +0x84\ngithub.com/gin-gonic/gin.(*Context).Next(...)\n\t/Users/wuyuanhan/go/pkg/mod/github.com/gin-gonic/gin@v1.9.0/context.go:174\ngithub.com/gin-gonic/gin.CustomRecoveryWithWriter.func1(0x1400054c600)\n\t/Users/wuyuanhan/go/pkg/mod/github.com/gin-gonic/gin@v1.9.0/recovery.go:102 +0x7c\ngithub.com/gin-gonic/gin.(*Context).Next(...)\n\t/Users/wuyuanhan/go/pkg/mod/github.com/gin-gonic/gin@v1.9.0/context.go:174\ngithub.com/gin-gonic/gin.LoggerWithConfig.func1(0x1400054c600)\n\t/Users/wuyuanhan/go/pkg/mod/github.com/gin-gonic/gin@v1.9.0/logger.go:240 +0xac\ngithub.com/gin-gonic/gin.(*Context).Next(...)\n\t/Users/wuyuanhan/go/pkg/mod/github.com/gin-gonic/gin@v1.9.0/context.go:174\ngithub.com/gin-gonic/gin.(*Engine).handleHTTPRequest(0x1400009b040, 0x1400054c600)\n\t/Users/wuyuanhan/go/pkg/mod/github.com/gin-gonic/gin@v1.9.0/gin.go:620 +0x554\ngithub.com/gin-gonic/gin.(*Engine).ServeHTTP(0x1400009b040, {0x103400528?, 0x140005662a0}, 0x1400054c500)\n\t/Users/wuyuanhan/go/pkg/mod/github.com/gin-gonic/gin@v1.9.0/gin.go:576 +0x1d4\nnet/http.serverHandler.ServeHTTP({0x1033fec18?}, {0x103400528, 0x140005662a0}, 0x1400054c500)\n\t/opt/homebrew/Cellar/go/1.19.5/libexec/src/net/http/server.go:2947 +0x2c4\nnet/http.(*conn).serve(0x1400078cbe0, {0x1034010a0, 0x14000562f30})\n\t/opt/homebrew/Cellar/go/1.19.5/libexec/src/net/http/server.go:1991 +0x560\ncreated by net/http.(*Server).Serve\n\t/opt/homebrew/Cellar/go/1.19.5/libexec/src/net/http/server.go:3102 +0x444\n"}
sample-go-service/middlewares.GinRecovery.func1.1
	/Users/wuyuanhan/development/flutter_dev/record-gateway/middlewares/logger.go:74
runtime.gopanic
	/opt/homebrew/Cellar/go/1.19.5/libexec/src/runtime/panic.go:884
github.com/go-playground/validator/v10.(*Validate).parseFieldTagsRecursive
	/Users/wuyuanhan/go/pkg/mod/github.com/go-playground/validator/v10@v10.11.2/cache.go:294
github.com/go-playground/validator/v10.(*Validate).extractStructCache
	/Users/wuyuanhan/go/pkg/mod/github.com/go-playground/validator/v10@v10.11.2/cache.go:155
github.com/go-playground/validator/v10.(*validate).validateStruct
	/Users/wuyuanhan/go/pkg/mod/github.com/go-playground/validator/v10@v10.11.2/validator.go:37
github.com/go-playground/validator/v10.(*Validate).StructCtx
	/Users/wuyuanhan/go/pkg/mod/github.com/go-playground/validator/v10@v10.11.2/validator_instance.go:385
github.com/go-playground/validator/v10.(*Validate).Struct
	/Users/wuyuanhan/go/pkg/mod/github.com/go-playground/validator/v10@v10.11.2/validator_instance.go:358
github.com/gin-gonic/gin/binding.(*defaultValidator).validateStruct
	/Users/wuyuanhan/go/pkg/mod/github.com/gin-gonic/gin@v1.9.0/binding/default_validator.go:80
github.com/gin-gonic/gin/binding.(*defaultValidator).ValidateStruct
	/Users/wuyuanhan/go/pkg/mod/github.com/gin-gonic/gin@v1.9.0/binding/default_validator.go:59
github.com/gin-gonic/gin/binding.(*defaultValidator).ValidateStruct
	/Users/wuyuanhan/go/pkg/mod/github.com/gin-gonic/gin@v1.9.0/binding/default_validator.go:57
github.com/gin-gonic/gin/binding.validate
	/Users/wuyuanhan/go/pkg/mod/github.com/gin-gonic/gin@v1.9.0/binding/binding.go:121
github.com/gin-gonic/gin/binding.decodeJSON
	/Users/wuyuanhan/go/pkg/mod/github.com/gin-gonic/gin@v1.9.0/binding/json.go:55
github.com/gin-gonic/gin/binding.jsonBinding.Bind
	/Users/wuyuanhan/go/pkg/mod/github.com/gin-gonic/gin@v1.9.0/binding/json.go:37
github.com/gin-gonic/gin.(*Context).ShouldBindWith
	/Users/wuyuanhan/go/pkg/mod/github.com/gin-gonic/gin@v1.9.0/context.go:741
github.com/gin-gonic/gin.(*Context).ShouldBind
	/Users/wuyuanhan/go/pkg/mod/github.com/gin-gonic/gin@v1.9.0/context.go:696
sample-go-service/controller.PasswordLogin
	/Users/wuyuanhan/development/flutter_dev/record-gateway/controller/user.go:18
github.com/gin-gonic/gin.(*Context).Next
	/Users/wuyuanhan/go/pkg/mod/github.com/gin-gonic/gin@v1.9.0/context.go:174
sample-go-service/middlewares.GinRecovery.func1
	/Users/wuyuanhan/development/flutter_dev/record-gateway/middlewares/logger.go:88
github.com/gin-gonic/gin.(*Context).Next
	/Users/wuyuanhan/go/pkg/mod/github.com/gin-gonic/gin@v1.9.0/context.go:174
sample-go-service/middlewares.GinLogger.func1
	/Users/wuyuanhan/development/flutter_dev/record-gateway/middlewares/logger.go:25
github.com/gin-gonic/gin.(*Context).Next
	/Users/wuyuanhan/go/pkg/mod/github.com/gin-gonic/gin@v1.9.0/context.go:174
github.com/gin-gonic/gin.CustomRecoveryWithWriter.func1
	/Users/wuyuanhan/go/pkg/mod/github.com/gin-gonic/gin@v1.9.0/recovery.go:102
github.com/gin-gonic/gin.(*Context).Next
	/Users/wuyuanhan/go/pkg/mod/github.com/gin-gonic/gin@v1.9.0/context.go:174
github.com/gin-gonic/gin.LoggerWithConfig.func1
	/Users/wuyuanhan/go/pkg/mod/github.com/gin-gonic/gin@v1.9.0/logger.go:240
github.com/gin-gonic/gin.(*Context).Next
	/Users/wuyuanhan/go/pkg/mod/github.com/gin-gonic/gin@v1.9.0/context.go:174
github.com/gin-gonic/gin.(*Engine).handleHTTPRequest
	/Users/wuyuanhan/go/pkg/mod/github.com/gin-gonic/gin@v1.9.0/gin.go:620
github.com/gin-gonic/gin.(*Engine).ServeHTTP
	/Users/wuyuanhan/go/pkg/mod/github.com/gin-gonic/gin@v1.9.0/gin.go:576
net/http.serverHandler.ServeHTTP
	/opt/homebrew/Cellar/go/1.19.5/libexec/src/net/http/server.go:2947
net/http.(*conn).serve
	/opt/homebrew/Cellar/go/1.19.5/libexec/src/net/http/server.go:1991
2023-04-20T15:51:04.461+0800	INFO	middlewares/logger.go:31	/v1/user/login	{"statusxixixixi": 500, "method": "POST", "path": "/v1/user/login", "query": "", "ip": "::1", "user-agent": "PostmanRuntime/7.31.1", "errors": "", "cost": "5.013125ms"}
2023-04-20T15:53:23.710+0800	ERROR	middlewares/logger.go:74	[Recovery from panic]	{"error": "Undefined validation function 'mobile' on field 'Mobile'", "request": "POST /v1/user/login HTTP/1.1\r\nHost: localhost:8022\r\nAccept: */*\r\nAccept-Encoding: gzip, deflate, br\r\nCache-Control: no-cache\r\nConnection: keep-alive\r\nContent-Length: 79\r\nContent-Type: application/json\r\nPostman-Token: d5c45e2c-0aa1-4163-b130-9f79d0c11445\r\nUser-Agent: PostmanRuntime/7.31.1\r\n\r\n", "stack": "goroutine 37 [running]:\nruntime/debug.Stack()\n\t/opt/homebrew/Cellar/go/1.19.5/libexec/src/runtime/debug/stack.go:24 +0x64\nsample-go-service/middlewares.GinRecovery.func1.1()\n\t/Users/wuyuanhan/development/flutter_dev/record-gateway/middlewares/logger.go:77 +0x238\npanic({0x100c39fc0, 0x14000032b70})\n\t/opt/homebrew/Cellar/go/1.19.5/libexec/src/runtime/panic.go:884 +0x204\ngithub.com/go-playground/validator/v10.(*Validate).parseFieldTagsRecursive(0x140004905b0, {0x100c1962f?, 0x0?}, {0x100c19603, 0x6}, {0x0, 0x0}, 0x0)\n\t/Users/wuyuanhan/go/pkg/mod/github.com/go-playground/validator/v10@v10.11.2/cache.go:294 +0x97c\ngithub.com/go-playground/validator/v10.(*Validate).extractStructCache(0x140004905b0, {0x100cdab00?, 0x140001982d0?, 0x1004ff938?}, {0x100c08086, 0x11})\n\t/Users/wuyuanhan/go/pkg/mod/github.com/go-playground/validator/v10@v10.11.2/cache.go:155 +0x4e0\ngithub.com/go-playground/validator/v10.(*validate).validateStruct(0x14000556480, {0x100d39030, 0x140000360a0}, {0x100cdab00?, 0x140001982d0?, 0x21?}, {0x100cdab00?, 0x140001982d0?, 0x100cdab00?}, {0x100d41640, ...}, ...)\n\t/Users/wuyuanhan/go/pkg/mod/github.com/go-playground/validator/v10@v10.11.2/validator.go:37 +0x130\ngithub.com/go-playground/validator/v10.(*Validate).StructCtx(0x140004905b0, {0x100d39030, 0x140000360a0}, {0x100cdab00, 0x140001982d0})\n\t/Users/wuyuanhan/go/pkg/mod/github.com/go-playground/validator/v10@v10.11.2/validator_instance.go:385 +0x3c8\ngithub.com/go-playground/validator/v10.(*Validate).Struct(...)\n\t/Users/wuyuanhan/go/pkg/mod/github.com/go-playground/validator/v10@v10.11.2/validator_instance.go:358\ngithub.com/gin-gonic/gin/binding.(*defaultValidator).validateStruct(0x10142c000, {0x100cdab00, 0x140001982d0})\n\t/Users/wuyuanhan/go/pkg/mod/github.com/gin-gonic/gin@v1.9.0/binding/default_validator.go:80 +0x50\ngithub.com/gin-gonic/gin/binding.(*defaultValidator).ValidateStruct(0x100cdab00?, {0x100cdab00?, 0x140001982d0?})\n\t/Users/wuyuanhan/go/pkg/mod/github.com/gin-gonic/gin@v1.9.0/binding/default_validator.go:59 +0x1a0\ngithub.com/gin-gonic/gin/binding.(*defaultValidator).ValidateStruct(0x140000d2000?, {0x100c280a0?, 0x14000198280?})\n\t/Users/wuyuanhan/go/pkg/mod/github.com/gin-gonic/gin@v1.9.0/binding/default_validator.go:57 +0x114\ngithub.com/gin-gonic/gin/binding.validate(...)\n\t/Users/wuyuanhan/go/pkg/mod/github.com/gin-gonic/gin@v1.9.0/binding/binding.go:121\ngithub.com/gin-gonic/gin/binding.decodeJSON({0x128df80a0?, 0x140000b21c0?}, {0x100c280a0, 0x14000198280})\n\t/Users/wuyuanhan/go/pkg/mod/github.com/gin-gonic/gin@v1.9.0/binding/json.go:55 +0xb8\ngithub.com/gin-gonic/gin/binding.jsonBinding.Bind({}, 0x101638a68?, {0x100c280a0, 0x14000198280})\n\t/Users/wuyuanhan/go/pkg/mod/github.com/gin-gonic/gin@v1.9.0/binding/json.go:37 +0x5c\ngithub.com/gin-gonic/gin.(*Context).ShouldBindWith(...)\n\t/Users/wuyuanhan/go/pkg/mod/github.com/gin-gonic/gin@v1.9.0/context.go:741\ngithub.com/gin-gonic/gin.(*Context).ShouldBind(0x1400054a100, {0x100c280a0, 0x14000198280})\n\t/Users/wuyuanhan/go/pkg/mod/github.com/gin-gonic/gin@v1.9.0/context.go:696 +0x298\nsample-go-service/controller.PasswordLogin(0x140005533e8?)\n\t/Users/wuyuanhan/development/flutter_dev/record-gateway/controller/user.go:18 +0x40\ngithub.com/gin-gonic/gin.(*Context).Next(...)\n\t/Users/wuyuanhan/go/pkg/mod/github.com/gin-gonic/gin@v1.9.0/context.go:174\nsample-go-service/middlewares.GinRecovery.func1(0x1400054a100)\n\t/Users/wuyuanhan/development/flutter_dev/record-gateway/middlewares/logger.go:88 +0x74\ngithub.com/gin-gonic/gin.(*Context).Next(...)\n\t/Users/wuyuanhan/go/pkg/mod/github.com/gin-gonic/gin@v1.9.0/context.go:174\nsample-go-service/middlewares.GinLogger.func1(0x1400054a100)\n\t/Users/wuyuanhan/development/flutter_dev/record-gateway/middlewares/logger.go:25 +0x84\ngithub.com/gin-gonic/gin.(*Context).Next(...)\n\t/Users/wuyuanhan/go/pkg/mod/github.com/gin-gonic/gin@v1.9.0/context.go:174\ngithub.com/gin-gonic/gin.CustomRecoveryWithWriter.func1(0x1400054a100)\n\t/Users/wuyuanhan/go/pkg/mod/github.com/gin-gonic/gin@v1.9.0/recovery.go:102 +0x7c\ngithub.com/gin-gonic/gin.(*Context).Next(...)\n\t/Users/wuyuanhan/go/pkg/mod/github.com/gin-gonic/gin@v1.9.0/context.go:174\ngithub.com/gin-gonic/gin.LoggerWithConfig.func1(0x1400054a100)\n\t/Users/wuyuanhan/go/pkg/mod/github.com/gin-gonic/gin@v1.9.0/logger.go:240 +0xac\ngithub.com/gin-gonic/gin.(*Context).Next(...)\n\t/Users/wuyuanhan/go/pkg/mod/github.com/gin-gonic/gin@v1.9.0/context.go:174\ngithub.com/gin-gonic/gin.(*Engine).handleHTTPRequest(0x14000581040, 0x1400054a100)\n\t/Users/wuyuanhan/go/pkg/mod/github.com/gin-gonic/gin@v1.9.0/gin.go:620 +0x554\ngithub.com/gin-gonic/gin.(*Engine).ServeHTTP(0x14000581040, {0x100d38528?, 0x1400055c000}, 0x1400054a000)\n\t/Users/wuyuanhan/go/pkg/mod/github.com/gin-gonic/gin@v1.9.0/gin.go:576 +0x1d4\nnet/http.serverHandler.ServeHTTP({0x100d36c18?}, {0x100d38528, 0x1400055c000}, 0x1400054a000)\n\t/opt/homebrew/Cellar/go/1.19.5/libexec/src/net/http/server.go:2947 +0x2c4\nnet/http.(*conn).serve(0x140000d0140, {0x100d390a0, 0x1400053a210})\n\t/opt/homebrew/Cellar/go/1.19.5/libexec/src/net/http/server.go:1991 +0x560\ncreated by net/http.(*Server).Serve\n\t/opt/homebrew/Cellar/go/1.19.5/libexec/src/net/http/server.go:3102 +0x444\n"}
sample-go-service/middlewares.GinRecovery.func1.1
	/Users/wuyuanhan/development/flutter_dev/record-gateway/middlewares/logger.go:74
runtime.gopanic
	/opt/homebrew/Cellar/go/1.19.5/libexec/src/runtime/panic.go:884
github.com/go-playground/validator/v10.(*Validate).parseFieldTagsRecursive
	/Users/wuyuanhan/go/pkg/mod/github.com/go-playground/validator/v10@v10.11.2/cache.go:294
github.com/go-playground/validator/v10.(*Validate).extractStructCache
	/Users/wuyuanhan/go/pkg/mod/github.com/go-playground/validator/v10@v10.11.2/cache.go:155
github.com/go-playground/validator/v10.(*validate).validateStruct
	/Users/wuyuanhan/go/pkg/mod/github.com/go-playground/validator/v10@v10.11.2/validator.go:37
github.com/go-playground/validator/v10.(*Validate).StructCtx
	/Users/wuyuanhan/go/pkg/mod/github.com/go-playground/validator/v10@v10.11.2/validator_instance.go:385
github.com/go-playground/validator/v10.(*Validate).Struct
	/Users/wuyuanhan/go/pkg/mod/github.com/go-playground/validator/v10@v10.11.2/validator_instance.go:358
github.com/gin-gonic/gin/binding.(*defaultValidator).validateStruct
	/Users/wuyuanhan/go/pkg/mod/github.com/gin-gonic/gin@v1.9.0/binding/default_validator.go:80
github.com/gin-gonic/gin/binding.(*defaultValidator).ValidateStruct
	/Users/wuyuanhan/go/pkg/mod/github.com/gin-gonic/gin@v1.9.0/binding/default_validator.go:59
github.com/gin-gonic/gin/binding.(*defaultValidator).ValidateStruct
	/Users/wuyuanhan/go/pkg/mod/github.com/gin-gonic/gin@v1.9.0/binding/default_validator.go:57
github.com/gin-gonic/gin/binding.validate
	/Users/wuyuanhan/go/pkg/mod/github.com/gin-gonic/gin@v1.9.0/binding/binding.go:121
github.com/gin-gonic/gin/binding.decodeJSON
	/Users/wuyuanhan/go/pkg/mod/github.com/gin-gonic/gin@v1.9.0/binding/json.go:55
github.com/gin-gonic/gin/binding.jsonBinding.Bind
	/Users/wuyuanhan/go/pkg/mod/github.com/gin-gonic/gin@v1.9.0/binding/json.go:37
github.com/gin-gonic/gin.(*Context).ShouldBindWith
	/Users/wuyuanhan/go/pkg/mod/github.com/gin-gonic/gin@v1.9.0/context.go:741
github.com/gin-gonic/gin.(*Context).ShouldBind
	/Users/wuyuanhan/go/pkg/mod/github.com/gin-gonic/gin@v1.9.0/context.go:696
sample-go-service/controller.PasswordLogin
	/Users/wuyuanhan/development/flutter_dev/record-gateway/controller/user.go:18
github.com/gin-gonic/gin.(*Context).Next
	/Users/wuyuanhan/go/pkg/mod/github.com/gin-gonic/gin@v1.9.0/context.go:174
sample-go-service/middlewares.GinRecovery.func1
	/Users/wuyuanhan/development/flutter_dev/record-gateway/middlewares/logger.go:88
github.com/gin-gonic/gin.(*Context).Next
	/Users/wuyuanhan/go/pkg/mod/github.com/gin-gonic/gin@v1.9.0/context.go:174
sample-go-service/middlewares.GinLogger.func1
	/Users/wuyuanhan/development/flutter_dev/record-gateway/middlewares/logger.go:25
github.com/gin-gonic/gin.(*Context).Next
	/Users/wuyuanhan/go/pkg/mod/github.com/gin-gonic/gin@v1.9.0/context.go:174
github.com/gin-gonic/gin.CustomRecoveryWithWriter.func1
	/Users/wuyuanhan/go/pkg/mod/github.com/gin-gonic/gin@v1.9.0/recovery.go:102
github.com/gin-gonic/gin.(*Context).Next
	/Users/wuyuanhan/go/pkg/mod/github.com/gin-gonic/gin@v1.9.0/context.go:174
github.com/gin-gonic/gin.LoggerWithConfig.func1
	/Users/wuyuanhan/go/pkg/mod/github.com/gin-gonic/gin@v1.9.0/logger.go:240
github.com/gin-gonic/gin.(*Context).Next
	/Users/wuyuanhan/go/pkg/mod/github.com/gin-gonic/gin@v1.9.0/context.go:174
github.com/gin-gonic/gin.(*Engine).handleHTTPRequest
	/Users/wuyuanhan/go/pkg/mod/github.com/gin-gonic/gin@v1.9.0/gin.go:620
github.com/gin-gonic/gin.(*Engine).ServeHTTP
	/Users/wuyuanhan/go/pkg/mod/github.com/gin-gonic/gin@v1.9.0/gin.go:576
net/http.serverHandler.ServeHTTP
	/opt/homebrew/Cellar/go/1.19.5/libexec/src/net/http/server.go:2947
net/http.(*conn).serve
	/opt/homebrew/Cellar/go/1.19.5/libexec/src/net/http/server.go:1991
2023-04-20T15:53:23.713+0800	INFO	middlewares/logger.go:31	/v1/user/login	{"statusxixixixi": 500, "method": "POST", "path": "/v1/user/login", "query": "", "ip": "::1", "user-agent": "PostmanRuntime/7.31.1", "errors": "", "cost": "4.9775ms"}
2023-04-20T15:55:09.037+0800	ERROR	middlewares/logger.go:74	[Recovery from panic]	{"error": "Undefined validation function 'mobile' on field 'Mobile'", "request": "POST /v1/user/login HTTP/1.1\r\nHost: localhost:8022\r\nAccept: */*\r\nAccept-Encoding: gzip, deflate, br\r\nCache-Control: no-cache\r\nConnection: keep-alive\r\nContent-Length: 79\r\nContent-Type: application/json\r\nPostman-Token: 8678abf3-4789-4cb1-907d-07ee4c1843ea\r\nUser-Agent: PostmanRuntime/7.31.1\r\n\r\n", "stack": "goroutine 24 [running]:\nruntime/debug.Stack()\n\t/opt/homebrew/Cellar/go/1.19.5/libexec/src/runtime/debug/stack.go:24 +0x64\nsample-go-service/middlewares.GinRecovery.func1.1()\n\t/Users/wuyuanhan/development/flutter_dev/record-gateway/middlewares/logger.go:77 +0x238\npanic({0x1036e1fc0, 0x14000032ba0})\n\t/opt/homebrew/Cellar/go/1.19.5/libexec/src/runtime/panic.go:884 +0x204\ngithub.com/go-playground/validator/v10.(*Validate).parseFieldTagsRecursive(0x140002265b0, {0x1036c162f?, 0x0?}, {0x1036c1603, 0x6}, {0x0, 0x0}, 0x0)\n\t/Users/wuyuanhan/go/pkg/mod/github.com/go-playground/validator/v10@v10.11.2/cache.go:294 +0x97c\ngithub.com/go-playground/validator/v10.(*Validate).extractStructCache(0x140002265b0, {0x103782b00?, 0x1400018e370?, 0x102fa7938?}, {0x1036b0086, 0x11})\n\t/Users/wuyuanhan/go/pkg/mod/github.com/go-playground/validator/v10@v10.11.2/cache.go:155 +0x4e0\ngithub.com/go-playground/validator/v10.(*validate).validateStruct(0x140001d85a0, {0x1037e1030, 0x140001ae008}, {0x103782b00?, 0x1400018e370?, 0x21?}, {0x103782b00?, 0x1400018e370?, 0x103782b00?}, {0x1037e9640, ...}, ...)\n\t/Users/wuyuanhan/go/pkg/mod/github.com/go-playground/validator/v10@v10.11.2/validator.go:37 +0x130\ngithub.com/go-playground/validator/v10.(*Validate).StructCtx(0x140002265b0, {0x1037e1030, 0x140001ae008}, {0x103782b00, 0x1400018e370})\n\t/Users/wuyuanhan/go/pkg/mod/github.com/go-playground/validator/v10@v10.11.2/validator_instance.go:385 +0x3c8\ngithub.com/go-playground/validator/v10.(*Validate).Struct(...)\n\t/Users/wuyuanhan/go/pkg/mod/github.com/go-playground/validator/v10@v10.11.2/validator_instance.go:358\ngithub.com/gin-gonic/gin/binding.(*defaultValidator).validateStruct(0x103ed4000, {0x103782b00, 0x1400018e370})\n\t/Users/wuyuanhan/go/pkg/mod/github.com/gin-gonic/gin@v1.9.0/binding/default_validator.go:80 +0x50\ngithub.com/gin-gonic/gin/binding.(*defaultValidator).ValidateStruct(0x103782b00?, {0x103782b00?, 0x1400018e370?})\n\t/Users/wuyuanhan/go/pkg/mod/github.com/gin-gonic/gin@v1.9.0/binding/default_validator.go:59 +0x1a0\ngithub.com/gin-gonic/gin/binding.(*defaultValidator).ValidateStruct(0x1400051e000?, {0x1036d00a0?, 0x1400018e320?})\n\t/Users/wuyuanhan/go/pkg/mod/github.com/gin-gonic/gin@v1.9.0/binding/default_validator.go:57 +0x114\ngithub.com/gin-gonic/gin/binding.validate(...)\n\t/Users/wuyuanhan/go/pkg/mod/github.com/gin-gonic/gin@v1.9.0/binding/binding.go:121\ngithub.com/gin-gonic/gin/binding.decodeJSON({0x12b76e4f8?, 0x140001ea1c0?}, {0x1036d00a0, 0x1400018e320})\n\t/Users/wuyuanhan/go/pkg/mod/github.com/gin-gonic/gin@v1.9.0/binding/json.go:55 +0xb8\ngithub.com/gin-gonic/gin/binding.jsonBinding.Bind({}, 0x1040e0a68?, {0x1036d00a0, 0x1400018e320})\n\t/Users/wuyuanhan/go/pkg/mod/github.com/gin-gonic/gin@v1.9.0/binding/json.go:37 +0x5c\ngithub.com/gin-gonic/gin.(*Context).ShouldBindWith(...)\n\t/Users/wuyuanhan/go/pkg/mod/github.com/gin-gonic/gin@v1.9.0/context.go:741\ngithub.com/gin-gonic/gin.(*Context).ShouldBind(0x14000542100, {0x1036d00a0, 0x1400018e320})\n\t/Users/wuyuanhan/go/pkg/mod/github.com/gin-gonic/gin@v1.9.0/context.go:696 +0x298\nsample-go-service/controller.PasswordLogin(0x1400054b3e8?)\n\t/Users/wuyuanhan/development/flutter_dev/record-gateway/controller/user.go:18 +0x40\ngithub.com/gin-gonic/gin.(*Context).Next(...)\n\t/Users/wuyuanhan/go/pkg/mod/github.com/gin-gonic/gin@v1.9.0/context.go:174\nsample-go-service/middlewares.GinRecovery.func1(0x14000542100)\n\t/Users/wuyuanhan/development/flutter_dev/record-gateway/middlewares/logger.go:88 +0x74\ngithub.com/gin-gonic/gin.(*Context).Next(...)\n\t/Users/wuyuanhan/go/pkg/mod/github.com/gin-gonic/gin@v1.9.0/context.go:174\nsample-go-service/middlewares.GinLogger.func1(0x14000542100)\n\t/Users/wuyuanhan/development/flutter_dev/record-gateway/middlewares/logger.go:25 +0x84\ngithub.com/gin-gonic/gin.(*Context).Next(...)\n\t/Users/wuyuanhan/go/pkg/mod/github.com/gin-gonic/gin@v1.9.0/context.go:174\ngithub.com/gin-gonic/gin.CustomRecoveryWithWriter.func1(0x14000542100)\n\t/Users/wuyuanhan/go/pkg/mod/github.com/gin-gonic/gin@v1.9.0/recovery.go:102 +0x7c\ngithub.com/gin-gonic/gin.(*Context).Next(...)\n\t/Users/wuyuanhan/go/pkg/mod/github.com/gin-gonic/gin@v1.9.0/context.go:174\ngithub.com/gin-gonic/gin.LoggerWithConfig.func1(0x14000542100)\n\t/Users/wuyuanhan/go/pkg/mod/github.com/gin-gonic/gin@v1.9.0/logger.go:240 +0xac\ngithub.com/gin-gonic/gin.(*Context).Next(...)\n\t/Users/wuyuanhan/go/pkg/mod/github.com/gin-gonic/gin@v1.9.0/context.go:174\ngithub.com/gin-gonic/gin.(*Engine).handleHTTPRequest(0x1400009bba0, 0x14000542100)\n\t/Users/wuyuanhan/go/pkg/mod/github.com/gin-gonic/gin@v1.9.0/gin.go:620 +0x554\ngithub.com/gin-gonic/gin.(*Engine).ServeHTTP(0x1400009bba0, {0x1037e0528?, 0x14000552000}, 0x14000542000)\n\t/Users/wuyuanhan/go/pkg/mod/github.com/gin-gonic/gin@v1.9.0/gin.go:576 +0x1d4\nnet/http.serverHandler.ServeHTTP({0x1037dec18?}, {0x1037e0528, 0x14000552000}, 0x14000542000)\n\t/opt/homebrew/Cellar/go/1.19.5/libexec/src/net/http/server.go:2947 +0x2c4\nnet/http.(*conn).serve(0x1400060c140, {0x1037e10a0, 0x14000528210})\n\t/opt/homebrew/Cellar/go/1.19.5/libexec/src/net/http/server.go:1991 +0x560\ncreated by net/http.(*Server).Serve\n\t/opt/homebrew/Cellar/go/1.19.5/libexec/src/net/http/server.go:3102 +0x444\n"}
sample-go-service/middlewares.GinRecovery.func1.1
	/Users/wuyuanhan/development/flutter_dev/record-gateway/middlewares/logger.go:74
runtime.gopanic
	/opt/homebrew/Cellar/go/1.19.5/libexec/src/runtime/panic.go:884
github.com/go-playground/validator/v10.(*Validate).parseFieldTagsRecursive
	/Users/wuyuanhan/go/pkg/mod/github.com/go-playground/validator/v10@v10.11.2/cache.go:294
github.com/go-playground/validator/v10.(*Validate).extractStructCache
	/Users/wuyuanhan/go/pkg/mod/github.com/go-playground/validator/v10@v10.11.2/cache.go:155
github.com/go-playground/validator/v10.(*validate).validateStruct
	/Users/wuyuanhan/go/pkg/mod/github.com/go-playground/validator/v10@v10.11.2/validator.go:37
github.com/go-playground/validator/v10.(*Validate).StructCtx
	/Users/wuyuanhan/go/pkg/mod/github.com/go-playground/validator/v10@v10.11.2/validator_instance.go:385
github.com/go-playground/validator/v10.(*Validate).Struct
	/Users/wuyuanhan/go/pkg/mod/github.com/go-playground/validator/v10@v10.11.2/validator_instance.go:358
github.com/gin-gonic/gin/binding.(*defaultValidator).validateStruct
	/Users/wuyuanhan/go/pkg/mod/github.com/gin-gonic/gin@v1.9.0/binding/default_validator.go:80
github.com/gin-gonic/gin/binding.(*defaultValidator).ValidateStruct
	/Users/wuyuanhan/go/pkg/mod/github.com/gin-gonic/gin@v1.9.0/binding/default_validator.go:59
github.com/gin-gonic/gin/binding.(*defaultValidator).ValidateStruct
	/Users/wuyuanhan/go/pkg/mod/github.com/gin-gonic/gin@v1.9.0/binding/default_validator.go:57
github.com/gin-gonic/gin/binding.validate
	/Users/wuyuanhan/go/pkg/mod/github.com/gin-gonic/gin@v1.9.0/binding/binding.go:121
github.com/gin-gonic/gin/binding.decodeJSON
	/Users/wuyuanhan/go/pkg/mod/github.com/gin-gonic/gin@v1.9.0/binding/json.go:55
github.com/gin-gonic/gin/binding.jsonBinding.Bind
	/Users/wuyuanhan/go/pkg/mod/github.com/gin-gonic/gin@v1.9.0/binding/json.go:37
github.com/gin-gonic/gin.(*Context).ShouldBindWith
	/Users/wuyuanhan/go/pkg/mod/github.com/gin-gonic/gin@v1.9.0/context.go:741
github.com/gin-gonic/gin.(*Context).ShouldBind
	/Users/wuyuanhan/go/pkg/mod/github.com/gin-gonic/gin@v1.9.0/context.go:696
sample-go-service/controller.PasswordLogin
	/Users/wuyuanhan/development/flutter_dev/record-gateway/controller/user.go:18
github.com/gin-gonic/gin.(*Context).Next
	/Users/wuyuanhan/go/pkg/mod/github.com/gin-gonic/gin@v1.9.0/context.go:174
sample-go-service/middlewares.GinRecovery.func1
	/Users/wuyuanhan/development/flutter_dev/record-gateway/middlewares/logger.go:88
github.com/gin-gonic/gin.(*Context).Next
	/Users/wuyuanhan/go/pkg/mod/github.com/gin-gonic/gin@v1.9.0/context.go:174
sample-go-service/middlewares.GinLogger.func1
	/Users/wuyuanhan/development/flutter_dev/record-gateway/middlewares/logger.go:25
github.com/gin-gonic/gin.(*Context).Next
	/Users/wuyuanhan/go/pkg/mod/github.com/gin-gonic/gin@v1.9.0/context.go:174
github.com/gin-gonic/gin.CustomRecoveryWithWriter.func1
	/Users/wuyuanhan/go/pkg/mod/github.com/gin-gonic/gin@v1.9.0/recovery.go:102
github.com/gin-gonic/gin.(*Context).Next
	/Users/wuyuanhan/go/pkg/mod/github.com/gin-gonic/gin@v1.9.0/context.go:174
github.com/gin-gonic/gin.LoggerWithConfig.func1
	/Users/wuyuanhan/go/pkg/mod/github.com/gin-gonic/gin@v1.9.0/logger.go:240
github.com/gin-gonic/gin.(*Context).Next
	/Users/wuyuanhan/go/pkg/mod/github.com/gin-gonic/gin@v1.9.0/context.go:174
github.com/gin-gonic/gin.(*Engine).handleHTTPRequest
	/Users/wuyuanhan/go/pkg/mod/github.com/gin-gonic/gin@v1.9.0/gin.go:620
github.com/gin-gonic/gin.(*Engine).ServeHTTP
	/Users/wuyuanhan/go/pkg/mod/github.com/gin-gonic/gin@v1.9.0/gin.go:576
net/http.serverHandler.ServeHTTP
	/opt/homebrew/Cellar/go/1.19.5/libexec/src/net/http/server.go:2947
net/http.(*conn).serve
	/opt/homebrew/Cellar/go/1.19.5/libexec/src/net/http/server.go:1991
2023-04-20T15:55:09.041+0800	INFO	middlewares/logger.go:31	/v1/user/login	{"statusxixixixi": 500, "method": "POST", "path": "/v1/user/login", "query": "", "ip": "::1", "user-agent": "PostmanRuntime/7.31.1", "errors": "", "cost": "6.912917ms"}
2023-04-20T15:56:11.613+0800	INFO	middlewares/logger.go:31	/v1/user/login	{"statusxixixixi": 400, "method": "POST", "path": "/v1/user/login", "query": "", "ip": "::1", "user-agent": "PostmanRuntime/7.31.1", "errors": "", "cost": "608.917µs"}
